2014-04-13 19:40:03.489 HelloCordova[9893:70b] Multi-tasking -> Device: YES, App: YES
2014-04-13 19:40:03.519 HelloCordova[9893:70b] Unlimited access to network resources
2014-04-13 19:40:03.736 HelloCordova[9893:70b] [CDVTimer][statusbar] 55.851996ms
2014-04-13 19:40:03.736 HelloCordova[9893:70b] [CDVTimer][TotalPluginStartup] 56.339979ms
2014-04-13 19:40:03.910 HelloCordova[9893:70b] Resetting plugins due to page load.
2014-04-13 19:40:04.288 HelloCordova[9893:70b] Finished load of: file:///Users/fortune/Library/Application%20Support/iPhone%20Simulator/7.1/Applications/5BD20047-0283-4FCA-8B5B-DDEDF05CD2D7/HelloCordova.app/www/index.html#/app/playlists
2014-04-13 20:01:13.685 HelloCordova[10399:70b] Multi-tasking -> Device: YES, App: YES
2014-04-13 20:01:13.691 HelloCordova[10399:70b] Unlimited access to network resources
2014-04-13 20:01:13.715 HelloCordova[10399:70b] [CDVTimer][statusbar] 6.686985ms
2014-04-13 20:01:13.715 HelloCordova[10399:70b] [CDVTimer][TotalPluginStartup] 7.158995ms
2014-04-13 20:01:13.748 HelloCordova[10399:70b] Resetting plugins due to page load.
2014-04-13 20:01:13.929 HelloCordova[10399:70b] Finished load of: file:///Users/fortune/Library/Application%20Support/iPhone%20Simulator/7.1/Applications/5BD20047-0283-4FCA-8B5B-DDEDF05CD2D7/HelloCordova.app/www/index.html#/app/playlists
2014-04-13 20:02:59.707 HelloCordova[11025:70b] Multi-tasking -> Device: YES, App: YES
2014-04-13 20:02:59.717 HelloCordova[11025:70b] Unlimited access to network resources
2014-04-13 20:02:59.746 HelloCordova[11025:70b] [CDVTimer][statusbar] 8.098006ms
2014-04-13 20:02:59.746 HelloCordova[11025:70b] [CDVTimer][TotalPluginStartup] 8.606017ms
2014-04-13 20:02:59.783 HelloCordova[11025:70b] Resetting plugins due to page load.
2014-04-13 20:03:00.008 HelloCordova[11025:70b] Finished load of: file:///Users/fortune/Library/Application%20Support/iPhone%20Simulator/7.1/Applications/5BD20047-0283-4FCA-8B5B-DDEDF05CD2D7/HelloCordova.app/www/index.html#/app/playlists
2014-04-13 20:04:20.713 HelloCordova[11337:70b] Multi-tasking -> Device: YES, App: YES
2014-04-13 20:04:20.719 HelloCordova[11337:70b] Unlimited access to network resources
2014-04-13 20:04:20.751 HelloCordova[11337:70b] [CDVTimer][statusbar] 7.275999ms
2014-04-13 20:04:20.751 HelloCordova[11337:70b] [CDVTimer][TotalPluginStartup] 7.659018ms
2014-04-13 20:04:20.789 HelloCordova[11337:70b] Resetting plugins due to page load.
2014-04-13 20:04:21.020 HelloCordova[11337:70b] Finished load of: file:///Users/fortune/Library/Application%20Support/iPhone%20Simulator/7.1/Applications/5BD20047-0283-4FCA-8B5B-DDEDF05CD2D7/HelloCordova.app/www/index.html#/app/playlists
